<?xml version="1.0" encoding="UTF-8"?>
<!-- Generated by org.testng.reporters.JUnitReportReporter -->
<testsuite hostname="Durga" failures="0" tests="4" name="testing.TEST2" time="0.014" errors="0" timestamp="2023-04-27T12:20:49 IST" skipped="0">
  <testcase classname="testing.TEST2" name="add" time="0.009"/>
  <system-out/>
  <testcase classname="testing.TEST2" name="sub" time="0.001"/>
  <system-out/>
  <testcase classname="testing.TEST2" name="mul" time="0.002"/>
  <system-out/>
  <testcase classname="testing.TEST2" name="div" time="0.002"/>
  <system-out/>
</testsuite> <!-- testing.TEST2 -->
