<?xml version="1.0" encoding="UTF-8"?>
<!-- Generated by org.testng.reporters.JUnitReportReporter -->
<testsuite hostname="Durga" failures="0" tests="2" name="testing.TEST4" time="26.566" errors="0" timestamp="2023-04-27T15:44:55 IST" skipped="0">
  <testcase classname="testing.TEST4" name="Signout" time="6.894"/>
  <system-out/>
  <testcase classname="testing.TEST4" name="LoginPage" time="19.672"/>
  <system-out/>
</testsuite> <!-- testing.TEST4 -->
