<?xml version="1.0" encoding="UTF-8"?>
<!-- Generated by org.testng.reporters.JUnitReportReporter -->
<testsuite hostname="Durga" failures="0" tests="1" name="testing.TEST3" time="21.234" errors="0" timestamp="2023-04-27T14:43:31 IST" skipped="0">
  <testcase classname="testing.TEST3" name="openURL" time="21.234"/>
  <system-out/>
</testsuite> <!-- testing.TEST3 -->
