<?xml version="1.0" encoding="UTF-8"?>
<!-- Generated by org.testng.reporters.JUnitReportReporter -->
<testsuite hostname="Durga" failures="0" tests="3" name="testing.TEST5" time="22.119" errors="0" timestamp="2023-05-02T11:40:42 IST" skipped="0">
  <testcase classname="testing.TEST5" name="Test3" time="7.133"/>
  <system-out/>
  <testcase classname="testing.TEST5" name="Test2" time="5.723"/>
  <system-out/>
  <testcase classname="testing.TEST5" name="Test1" time="9.263"/>
  <system-out/>
</testsuite> <!-- testing.TEST5 -->
