<?xml version="1.0" encoding="UTF-8"?>
<!-- Generated by org.testng.reporters.JUnitReportReporter -->
<testsuite hostname="Durga" failures="0" tests="1" name="testing.NewTest" time="0.009" errors="0" timestamp="2023-04-27T11:26:29 IST" skipped="0">
  <testcase classname="testing.NewTest" name="f" time="0.009"/>
  <system-out/>
</testsuite> <!-- testing.NewTest -->
